 
****************************************
Report : timing
        -path full
        -delay max
        -max_paths 1
Design : LBP
Version: Q-2019.12
Date   : Sat Jul 15 21:15:12 2023
****************************************

Operating Conditions: slow   Library: slow
Wire Load Model Mode: top

  Startpoint: gray_ready (input port clocked by clk)
  Endpoint: gray_addr_reg[0]
            (rising edge-triggered flip-flop clocked by clk)
  Path Group: clk
  Path Type: max

  Des/Clust/Port     Wire Load Model       Library
  ------------------------------------------------
  LBP                tsmc13_wl10           slow

  Point                                    Incr       Path
  -----------------------------------------------------------
  clock clk (rise edge)                    0.00       0.00
  clock network delay (ideal)              0.50       0.50
  input external delay                     5.00       5.50 f
  gray_ready (in)                          0.01       5.51 f
  U995/Y (NAND2BX1)                        0.13       5.64 r
  U479/Y (NOR3BXL)                         0.56       6.20 r
  U478/Y (BUFX4)                           0.64       6.85 r
  U987/Y (CLKINVX1)                        0.42       7.26 f
  U436/Y (OA21XL)                          0.35       7.61 f
  U435/Y (CLKBUFX3)                        0.68       8.29 f
  U982/Y (AOI22X1)                         0.45       8.74 r
  U975/Y (NAND4X1)                         0.23       8.97 f
  gray_addr_reg[0]/D (DFFRX1)              0.00       8.97 f
  data arrival time                                   8.97

  clock clk (rise edge)                   10.00      10.00
  clock network delay (ideal)              0.50      10.50
  clock uncertainty                       -0.10      10.40
  gray_addr_reg[0]/CK (DFFRX1)             0.00      10.40 r
  library setup time                      -0.25      10.15
  data required time                                 10.15
  -----------------------------------------------------------
  data required time                                 10.15
  data arrival time                                  -8.97
  -----------------------------------------------------------
  slack (MET)                                         1.18


1
